     1                                  ; JARRETT NOBLES
     2                                  ; Max Fibonacci
     3                                  ; 10/18/2022
     4                                  
     5                                  
     6                                  SECTION .data
     7                                  ; define data/variables here.  Think DB, DW, DD, DQ
     8                                  
     9                                  SECTION .bss
    10                                  ; define uninitialized data here
    11                                  
    12 00000000 <res 00000004>          MaxFib: RESD 1
    13 00000004 <res 00000002>          FibCount: RESW 1
    14                                  
    15                                  SECTION .text
    16                                  global _main
    17                                  _main:
    18                                  
    19                                  ; put your code here.
    20 00000000 B800000000              mov EAX, 0
    21 00000005 BB01000000              mov EBX, 1
    22 0000000A 66C705[04000000]02-     mov WORD[FibCount], 2
    23 00000012 00                 
    24                                  fibLoop:
    25 00000013 89C1                        mov ECX,EAX   ; save a copy of the int
    26 00000015 01D9                    	add ECX,EBX     ; increment the int
    27 00000017 720D                    	jc fibEnd   ; if there was not a carry, keep looping
    28                                  	            ; otherwise BL has the max unsigned in	
    29 00000019 89D8                    	mov EAX,EBX
    30 0000001B 89CB                        mov EBX,ECX
    31 0000001D 66FF05[04000000]            inc WORD [FibCount]
    32 00000024 EBED                        jmp fibLoop
    33                                  fibEnd:
    34 00000026 66FF0D[04000000]            dec WORD [FibCount]
    35 0000002D A3[00000000]                mov [MaxFib], EAX
    36                                  
    37                                  lastBreak:
    38                                  
    39                                  ; Normal termination code
    40 00000032 B801000000              mov eax, 1
    41 00000037 BB00000000              mov ebx, 0
    42 0000003C CD80                    int 80h
